<?xml version="1.0" encoding="UTF-8"?>
<!-- Generated by org.testng.reporters.JUnitXMLReporter -->
<testsuite ignored="6" hostname="LX-BLR-LT-002" failures="0" tests="2" name="Default test" time="24.64" errors="0" timestamp="2024-05-15T14:58:48 IST">
  <testcase classname="LinkCxOWeb.TestCase.WebTestCases" name="loginviaMobileNumber" time="11.489"/>
  <testcase classname="LinkCxOWeb.TestCase.WebTestCases" name="CreateQuery" time="3.763"/>
  <testcase classname="LinkCxOWeb.TestCase.WebTestCases" name="SwitchWindowCheck" time="0.0">
    <ignored/>
  </testcase> <!-- SwitchWindowCheck -->
  <testcase classname="LinkCxOWeb.TestCase.WebTestCases" name="CreatePost" time="0.0">
    <ignored/>
  </testcase> <!-- CreatePost -->
  <testcase classname="LinkCxOWeb.TestCase.WebTestCases" name="CreatePoll" time="0.0">
    <ignored/>
  </testcase> <!-- CreatePoll -->
  <testcase classname="LinkCxOWeb.TestCase.WebTestCases" name="ApplyJob" time="0.0">
    <ignored/>
  </testcase> <!-- ApplyJob -->
  <testcase classname="LinkCxOWeb.TestCase.WebTestCases" name="ComposeAnARticle" time="0.0">
    <ignored/>
  </testcase> <!-- ComposeAnARticle -->
  <testcase classname="LinkCxOWeb.TestCase.WebTestCases" name="CreateJob" time="0.0">
    <ignored/>
  </testcase> <!-- CreateJob -->
</testsuite> <!-- Default test -->
