<?xml version="1.0" encoding="UTF-8"?>
<!-- Generated by org.testng.reporters.JUnitXMLReporter -->
<testsuite ignored="18" hostname="LX-BLR-LT-002" failures="0" tests="2" name="Test" time="41.93" errors="0" timestamp="2024-05-21T14:53:02 IST">
  <testcase classname="LinkCxOWeb.TestCase.WebTestCases" name="loginviaMobileNumber" time="12.063"/>
  <testcase classname="LinkCxOWeb.TestCase.WebTestCases" name="CreatePost" time="23.677"/>
  <testcase classname="LinkCxOWeb.TestCase.WebTestCases" name="SwitchWindowCheck" time="0.0">
    <ignored/>
  </testcase> <!-- SwitchWindowCheck -->
  <testcase classname="LinkCxOWeb.TestCase.WebTestCases" name="CreateClub" time="0.0">
    <ignored/>
  </testcase> <!-- CreateClub -->
  <testcase classname="LinkCxOWeb.TestCase.WebTestCases" name="CreateSurvey" time="0.0">
    <ignored/>
  </testcase> <!-- CreateSurvey -->
  <testcase classname="LinkCxOWeb.TestCase.WebTestCases" name="CreateQuery" time="0.0">
    <ignored/>
  </testcase> <!-- CreateQuery -->
  <testcase classname="LinkCxOWeb.TestCase.WebTestCases" name="AddLanguage" time="0.0">
    <ignored/>
  </testcase> <!-- AddLanguage -->
  <testcase classname="LinkCxOWeb.TestCase.WebTestCases" name="ChangeStatusfromInactivetoOpen" time="0.0">
    <ignored/>
  </testcase> <!-- ChangeStatusfromInactivetoOpen -->
  <testcase classname="LinkCxOWeb.TestCase.WebTestCases" name="CreatePoll" time="0.0">
    <ignored/>
  </testcase> <!-- CreatePoll -->
  <testcase classname="LinkCxOWeb.TestCase.WebTestCases" name="ApplyJob" time="0.0">
    <ignored/>
  </testcase> <!-- ApplyJob -->
  <testcase classname="LinkCxOWeb.TestCase.WebTestCases" name="ComposeAnARticle" time="0.0">
    <ignored/>
  </testcase> <!-- ComposeAnARticle -->
  <testcase classname="LinkCxOWeb.TestCase.WebTestCases" name="CreateJob" time="0.0">
    <ignored/>
  </testcase> <!-- CreateJob -->
  <testcase classname="LinkCxOWeb.TestCase.WebTestCases" name="SaveJob" time="0.0">
    <ignored/>
  </testcase> <!-- SaveJob -->
  <testcase classname="LinkCxOWeb.TestCase.WebTestCases" name="EditStatusAsInactive" time="0.0">
    <ignored/>
  </testcase> <!-- EditStatusAsInactive -->
  <testcase classname="LinkCxOWeb.TestCase.WebTestCases" name="ChangeStatusfromOpentoClosed" time="0.0">
    <ignored/>
  </testcase> <!-- ChangeStatusfromOpentoClosed -->
  <testcase classname="LinkCxOWeb.TestCase.WebTestCases" name="ChangeAppliedJobStatus" time="0.0">
    <ignored/>
  </testcase> <!-- ChangeAppliedJobStatus -->
  <testcase classname="LinkCxOWeb.TestCase.WebTestCases" name="addInterest" time="0.0">
    <ignored/>
  </testcase> <!-- addInterest -->
  <testcase classname="LinkCxOWeb.TestCase.WebTestCases" name="CreateEvent" time="0.0">
    <ignored/>
  </testcase> <!-- CreateEvent -->
  <testcase classname="LinkCxOWeb.TestCase.WebTestCases" name="SkillsAdd" time="0.0">
    <ignored/>
  </testcase> <!-- SkillsAdd -->
  <testcase classname="LinkCxOWeb.TestCase.WebTestCases" name="AddIndustry" time="0.0">
    <ignored/>
  </testcase> <!-- AddIndustry -->
</testsuite> <!-- Test -->
