<?xml version="1.0" encoding="UTF-8"?>
<testng-results ignored="18" total="20" passed="2" failed="0" skipped="0">
  <reporter-output>
  </reporter-output>
  <suite started-at="2024-05-21T14:52:20 IST" name="Suite" finished-at="2024-05-21T14:53:02 IST" duration-ms="41930">
    <groups>
    </groups>
    <test started-at="2024-05-21T14:52:20 IST" name="Test" finished-at="2024-05-21T14:53:02 IST" duration-ms="41930">
      <class name="LinkCxOWeb.TestCase.WebTestCases">
        <test-method is-config="true" signature="setUp()[pri:0, instance:LinkCxOWeb.TestCase.WebTestCases@35cabb2a]" started-at="2024-05-21T14:52:20 IST" name="setUp" finished-at="2024-05-21T14:52:26 IST" duration-ms="5783" status="PASS">
          <reporter-output>
          </reporter-output>
        </test-method> <!-- setUp -->
        <test-method signature="loginviaMobileNumber()[pri:1, instance:LinkCxOWeb.TestCase.WebTestCases@35cabb2a]" started-at="2024-05-21T14:52:26 IST" name="loginviaMobileNumber" finished-at="2024-05-21T14:52:38 IST" duration-ms="12063" status="PASS">
          <reporter-output>
          </reporter-output>
        </test-method> <!-- loginviaMobileNumber -->
        <test-method signature="CreatePost()[pri:2, instance:LinkCxOWeb.TestCase.WebTestCases@35cabb2a]" started-at="2024-05-21T14:52:38 IST" name="CreatePost" finished-at="2024-05-21T14:53:02 IST" duration-ms="23677" status="PASS">
          <reporter-output>
          </reporter-output>
        </test-method> <!-- CreatePost -->
        <test-method is-config="true" signature="teardown()[pri:0, instance:LinkCxOWeb.TestCase.WebTestCases@35cabb2a]" started-at="2024-05-21T14:53:02 IST" name="teardown" finished-at="2024-05-21T14:53:02 IST" duration-ms="371" status="PASS">
          <reporter-output>
          </reporter-output>
        </test-method> <!-- teardown -->
      </class> <!-- LinkCxOWeb.TestCase.WebTestCases -->
    </test> <!-- Test -->
  </suite> <!-- Suite -->
</testng-results>
